22:20:24 **** Incremental Build of configuration Debug for project HelloWorld ****
make all 
make: Цель «all» не требует выполнения команд.
22:21:00 **** Incremental Build of configuration Debug for project HelloWorld ****
make all 
Building file: ../src/HelloWorld.cpp
Invoking: GCC C++ Compiler
g++ -O0 -g3 -Wall -c -fmessage-length=0 -MMD -MP -MF"src/HelloWorld.d" -MT"src/HelloWorld.d" -o "src/HelloWorld.o" "../src/HelloWorld.cpp"
Finished building: ../src/HelloWorld.cpp
 
Building target: HelloWorld
Invoking: GCC C++ Linker
g++  -o "HelloWorld"  ./src/HelloWorld.o   
Finished building target: HelloWorld
 
22:21:09 **** Incremental Build of configuration Debug for project HelloWorld ****
make all 
make: Цель «all» не требует выполнения команд.
17:11:48 **** Build of configuration Debug for project HelloWorld ****
make all 
make: Цель «all» не требует выполнения команд.
19:50:53 **** Incremental Build of configuration Debug for project HelloWorld ****
make all 
make: Цель «all» не требует выполнения команд.
20:01:30 **** Incremental Build of configuration Debug for project HelloWorld ****
make all 
make: Цель «all» не требует выполнения команд.
16:59:18 **** Build of configuration Debug for project HelloWorld ****
make all 
make: Цель «all» не требует выполнения команд.
01:42:03 **** Incremental Build of configuration Debug for project HelloWorld ****
make all 
make: Цель «all» не требует выполнения команд.
13:09:37 **** Incremental Build of configuration Debug for project HelloWorld ****
make all 
make: Цель «all» не требует выполнения команд.
